<?xml version="1.0" encoding="utf-8"?><testsuites name="pytest tests"><testsuite name="pytest" errors="0" failures="1" skipped="0" tests="21" time="11.193" timestamp="2026-02-25T20:06:52.243840+00:00" hostname="agent-env-1cd8c7ed-1f92-4833-9778-7ddb9ffd5bf8"><testcase classname="backend.tests.test_accounting_module.TestAccountingModule" name="test_coa_list_returns_accounts" time="0.599" /><testcase classname="backend.tests.test_accounting_module.TestAccountingModule" name="test_coa_list_filter_by_type" time="0.513" /><testcase classname="backend.tests.test_accounting_module.TestAccountingModule" name="test_coa_list_filter_by_asset" time="0.525" /><testcase classname="backend.tests.test_accounting_module.TestAccountingModule" name="test_coa_list_filter_by_income" time="0.436" /><testcase classname="backend.tests.test_accounting_module.TestAccountingModule" name="test_coa_has_hierarchical_structure" time="0.440" /><testcase classname="backend.tests.test_accounting_module.TestAccountingModule" name="test_coa_create_new_account" time="0.522" /><testcase classname="backend.tests.test_accounting_module.TestAccountingModule" name="test_coa_create_duplicate_code_fails" time="0.519" /><testcase classname="backend.tests.test_accounting_module.TestAccountingModule" name="test_coa_update_account" time="0.636" /><testcase classname="backend.tests.test_accounting_module.TestAccountingModule" name="test_coa_delete_non_header_account" time="0.467" /><testcase classname="backend.tests.test_accounting_module.TestAccountingModule" name="test_coa_delete_with_transactions_fails" time="0.632"><failure message="assert (200 == 400 or 200 == 404)&#10; +  where 200 = &lt;Response [200]&gt;.status_code&#10; +  and   200 = &lt;Response [200]&gt;.status_code">backend/tests/test_accounting_module.py:226: in test_coa_delete_with_transactions_fails
    assert delete_response.status_code == 400 or delete_response.status_code == 404
E   assert (200 == 400 or 200 == 404)
E    +  where 200 = &lt;Response [200]&gt;.status_code
E    +  and   200 = &lt;Response [200]&gt;.status_code</failure></testcase><testcase classname="backend.tests.test_accounting_module.TestAccountingModule" name="test_expenses_list" time="0.428" /><testcase classname="backend.tests.test_accounting_module.TestAccountingModule" name="test_expenses_create_with_auto_journal" time="0.628" /><testcase classname="backend.tests.test_accounting_module.TestAccountingModule" name="test_income_list" time="0.544" /><testcase classname="backend.tests.test_accounting_module.TestAccountingModule" name="test_income_create_with_auto_journal" time="0.685" /><testcase classname="backend.tests.test_accounting_module.TestAccountingModule" name="test_journal_entries_list" time="0.422" /><testcase classname="backend.tests.test_accounting_module.TestAccountingModule" name="test_journal_entries_have_balanced_debits_credits" time="0.451" /><testcase classname="backend.tests.test_accounting_module.TestAccountingModule" name="test_profit_loss_report" time="0.620" /><testcase classname="backend.tests.test_accounting_module.TestAccountingModule" name="test_balance_sheet_report" time="0.484" /><testcase classname="backend.tests.test_accounting_module.TestAccountingModule" name="test_unauthorized_access_returns_401" time="0.499" /><testcase classname="backend.tests.test_accounting_module.TestAccountingDataValidation" name="test_expense_requires_valid_accounts" time="0.454" /><testcase classname="backend.tests.test_accounting_module.TestAccountingDataValidation" name="test_account_code_format" time="0.464" /></testsuite></testsuites>