<?xml version="1.0" encoding="utf-8"?><testsuites name="pytest tests"><testsuite name="pytest" errors="0" failures="0" skipped="0" tests="10" time="3.959" timestamp="2026-03-10T10:19:40.782863+00:00" hostname="agent-env-bcb269b7-d4f4-4214-9fb3-8a1f0c92e28c"><testcase classname="backend.tests.test_currency_conversion.TestCurrencyConversion" name="test_dashboard_kpis_returns_data" time="0.411" /><testcase classname="backend.tests.test_currency_conversion.TestCurrencyConversion" name="test_dashboard_total_sales_includes_usd_converted_to_aed" time="0.433" /><testcase classname="backend.tests.test_currency_conversion.TestCurrencyConversion" name="test_receivables_report_returns_data" time="0.371" /><testcase classname="backend.tests.test_currency_conversion.TestCurrencyConversion" name="test_receivables_report_has_aed_fields_for_usd_sales" time="0.373" /><testcase classname="backend.tests.test_currency_conversion.TestCurrencyConversion" name="test_receivables_summary_in_aed" time="0.371" /><testcase classname="backend.tests.test_currency_conversion.TestCurrencyConversion" name="test_payables_report_returns_data" time="0.383" /><testcase classname="backend.tests.test_currency_conversion.TestCurrencyConversion" name="test_payables_report_has_aed_fields_for_intl_purchases" time="0.374" /><testcase classname="backend.tests.test_currency_conversion.TestCurrencyConversion" name="test_pnl_report_returns_data" time="0.376" /><testcase classname="backend.tests.test_currency_conversion.TestCurrencyConversion" name="test_balance_sheet_returns_data" time="0.374" /><testcase classname="backend.tests.test_currency_conversion.TestCurrencyConversion" name="test_specific_export_sale_currency_conversion" time="0.432" /></testsuite></testsuites>