<?xml version="1.0" encoding="utf-8"?><testsuites name="pytest tests"><testsuite name="pytest" errors="0" failures="0" skipped="0" tests="12" time="2.174" timestamp="2026-02-01T12:12:59.756268+00:00" hostname="agent-env-aea5baa9-3d96-4876-9266-3a8fccec45ba"><testcase classname="backend.tests.test_new_features.TestAuth" name="test_login" time="0.335" /><testcase classname="backend.tests.test_new_features.TestPayments" name="test_list_payments" time="0.299" /><testcase classname="backend.tests.test_new_features.TestPayments" name="test_create_payment" time="0.132" /><testcase classname="backend.tests.test_new_features.TestPartyLedger" name="test_customer_ledger" time="0.335" /><testcase classname="backend.tests.test_new_features.TestPartyLedger" name="test_supplier_ledger" time="0.117" /><testcase classname="backend.tests.test_new_features.TestReports" name="test_vat_report" time="0.290" /><testcase classname="backend.tests.test_new_features.TestReports" name="test_purchase_register" time="0.038" /><testcase classname="backend.tests.test_new_features.TestReports" name="test_sales_register" time="0.038" /><testcase classname="backend.tests.test_new_features.TestReports" name="test_stock_aging" time="0.039" /><testcase classname="backend.tests.test_new_features.TestReports" name="test_broker_commission" time="0.035" /><testcase classname="backend.tests.test_new_features.TestDocumentCancellation" name="test_local_purchase_cancel_endpoint_exists" time="0.328" /><testcase classname="backend.tests.test_new_features.TestDocumentCancellation" name="test_local_sale_cancel_endpoint_exists" time="0.071" /></testsuite></testsuites>